
Begin of pVA compiling on Thu Jul  9 11:00:29 2026	

Parsing '../../../va/cfet_nmos_lvt.va'
Parsing include file 'C:/synopsys/Hspice_P-2019.06-SP1-1/include/constants.vams'
Parsing include file 'C:/synopsys/Hspice_P-2019.06-SP1-1/include/disciplines.vams'

End of pVA compiling on Thu Jul  9 11:00:29 2026	


End of build pVA DB on Thu Jul  9 11:00:29 2026	

*pvaI* Module (cfet_nmos_lvt): 4 unexpanded port, 0 init, 980 behav, 4 contrib, 136/1414 expr(s)
*pvaI*        Has DIS(ST), 2/146 afCount, 0 MT, sys, IO(0/0/1/0)
*pvaI*        0 gmdIsThreadSafe (ST)
*pvaI*        0 const-G and 0 const-C, Has switchBranch, 22 bypassOpt, 0 bus2scalar, 0 vwb
*pvaI*        set_va_exp = 600 set by default
*pvaW*        variable 'tgaamax' declared but not used in RHS, deleted (../../../va/cfet_nmos_lvt.va:45)
*pvaW*                   To relax this rule, use 'setenv PVA_KEEP_VARS 1' to keep variables for probing.
*pvaW*        variable 'tgaamin' declared but not used in RHS, deleted (../../../va/cfet_nmos_lvt.va:46)
*pvaW*        variable 'HFIN' declared but not used in RHS, deleted (../../../va/cfet_nmos_lvt.va:451)
*pvaW*        variable 'Inv_L' initialized but not used in RHS, deleted (../../../va/cfet_nmos_lvt.va:2268)
*pvaW*        variable 'Inv_NFIN' initialized but not used in RHS, deleted (../../../va/cfet_nmos_lvt.va:2269)
*pvaW*        variable 'Inv_LNFIN' initialized but not used in RHS, deleted (../../../va/cfet_nmos_lvt.va:2270)
*pvaW*        variable 'Inv_W' initialized but not used in RHS, deleted (../../../va/cfet_nmos_lvt.va:2271)
*pvaW*        variable 'Inv_WL' initialized but not used in RHS, deleted (../../../va/cfet_nmos_lvt.va:2272)
*pvaW*        variable 'WDIM0' declared but not used in RHS, deleted (../../../va/cfet_nmos_lvt.va:485)
*pvaW*        variable 'WDIMR' declared but not used in RHS, deleted (../../../va/cfet_nmos_lvt.va:486)
*pvaW*        variable 'WSSP0' declared but not used in RHS, deleted (../../../va/cfet_nmos_lvt.va:487)
*pvaW*        variable 'WSSPR' declared but not used in RHS, deleted (../../../va/cfet_nmos_lvt.va:488)
*pvaW*        variable 'DIM1H' declared but not used in RHS, deleted (../../../va/cfet_nmos_lvt.va:490)
*pvaW*        variable 'DIMENSION1_i' declared but not used in RHS, deleted (../../../va/cfet_nmos_lvt.va:491)
*pvaW*        variable 'DIM2H' declared but not used in RHS, deleted (../../../va/cfet_nmos_lvt.va:492)
*pvaW*        variable 'DIMENSION2_i' declared but not used in RHS, deleted (../../../va/cfet_nmos_lvt.va:493)
*pvaW*        variable 'DIM3H' declared but not used in RHS, deleted (../../../va/cfet_nmos_lvt.va:494)
*pvaW*        variable 'DIMENSION3_i' declared but not used in RHS, deleted (../../../va/cfet_nmos_lvt.va:495)
*pvaW*        variable 'DSSP1' declared but not used in RHS, deleted (../../../va/cfet_nmos_lvt.va:496)
*pvaW*        variable 'DSSP2' declared but not used in RHS, deleted (../../../va/cfet_nmos_lvt.va:497)
*pvaW*        variable 'DSSP3' declared but not used in RHS, deleted (../../../va/cfet_nmos_lvt.va:498)
*pvaW*        variable 'SSP1_i' declared but not used in RHS, deleted (../../../va/cfet_nmos_lvt.va:499)
*pvaW*        variable 'SSP2_i' declared but not used in RHS, deleted (../../../va/cfet_nmos_lvt.va:500)
*pvaW*        variable 'SSP3_i' declared but not used in RHS, deleted (../../../va/cfet_nmos_lvt.va:501)
*pvaW*        variable 'TSRE2' declared but not used in RHS, deleted (../../../va/cfet_nmos_lvt.va:503)
*pvaW*        variable 'TDWSE2' declared but not used in RHS, deleted (../../../va/cfet_nmos_lvt.va:504)
*pvaW*        variable 'TSRE3' declared but not used in RHS, deleted (../../../va/cfet_nmos_lvt.va:505)
*pvaW*        variable 'TDWSE3' declared but not used in RHS, deleted (../../../va/cfet_nmos_lvt.va:506)
*pvaW*        variable 'TSRQ1' declared but not used in RHS, deleted (../../../va/cfet_nmos_lvt.va:508)
*pvaW*        variable 'TDWSQ1' declared but not used in RHS, deleted (../../../va/cfet_nmos_lvt.va:509)
*pvaW*        variable 'TSRQ2' declared but not used in RHS, deleted (../../../va/cfet_nmos_lvt.va:510)
*pvaW*        variable 'TDWSQ2' declared but not used in RHS, deleted (../../../va/cfet_nmos_lvt.va:511)
*pvaW*        variable 'TSRQ3' declared but not used in RHS, deleted (../../../va/cfet_nmos_lvt.va:512)
*pvaW*        variable 'TDWSQ3' declared but not used in RHS, deleted (../../../va/cfet_nmos_lvt.va:513)
*pvaW*        variable 'WGAANOM' declared but not used in RHS, deleted (../../../va/cfet_nmos_lvt.va:515)
*pvaW*        variable 'WSFE2' declared but not used in RHS, deleted (../../../va/cfet_nmos_lvt.va:516)
*pvaW*        variable 'WSFE3' declared but not used in RHS, deleted (../../../va/cfet_nmos_lvt.va:517)
*pvaW*        variable 'E2NOM_i' declared but not used in RHS, deleted (../../../va/cfet_nmos_lvt.va:519)
*pvaW*        variable 'E3NOM_i' declared but not used in RHS, deleted (../../../va/cfet_nmos_lvt.va:520)
*pvaW*        variable 'MFE2' declared but not used in RHS, deleted (../../../va/cfet_nmos_lvt.va:522)
*pvaW*        variable 'MFE3' declared but not used in RHS, deleted (../../../va/cfet_nmos_lvt.va:523)
*pvaW*        variable 'MFQ1' declared but not used in RHS, deleted (../../../va/cfet_nmos_lvt.va:525)
*pvaW*        variable 'MFQ2' declared but not used in RHS, deleted (../../../va/cfet_nmos_lvt.va:526)
*pvaW*        variable 'MFQ3' declared but not used in RHS, deleted (../../../va/cfet_nmos_lvt.va:527)
*pvaW*        variable 'WSFQ1' declared but not used in RHS, deleted (../../../va/cfet_nmos_lvt.va:529)
*pvaW*        variable 'WSFQ2' declared but not used in RHS, deleted (../../../va/cfet_nmos_lvt.va:530)
*pvaW*        variable 'WSFQ3' declared but not used in RHS, deleted (../../../va/cfet_nmos_lvt.va:531)
*pvaW*        variable 'MFQ1NOM_i' declared but not used in RHS, deleted (../../../va/cfet_nmos_lvt.va:533)
*pvaW*        variable 'MFQ2NOM_i' declared but not used in RHS, deleted (../../../va/cfet_nmos_lvt.va:534)
*pvaW*        variable 'MFQ3NOM_i' declared but not used in RHS, deleted (../../../va/cfet_nmos_lvt.va:535)
*pvaW*        variable 'QMFACTOR_i' declared but not used in RHS, deleted (../../../va/cfet_nmos_lvt.va:537)
*pvaW*        variable 'QMTCENCV_i' declared but not used in RHS, deleted (../../../va/cfet_nmos_lvt.va:539)
*pvaW*        variable 'ETAMOBTHIN' declared but not used in RHS, deleted (../../../va/cfet_nmos_lvt.va:547)
*pvaW*        variable 'ETAMOB' declared but not used in RHS, deleted (../../../va/cfet_nmos_lvt.va:548)
*pvaW*        variable 'ETAMOBTNI' declared but not used in RHS, deleted (../../../va/cfet_nmos_lvt.va:549)
*pvaW*        variable 'ETAMOBIR' declared but not used in RHS, deleted (../../../va/cfet_nmos_lvt.va:550)
*pvaW*        variable 'UA' declared but not used in RHS, deleted (../../../va/cfet_nmos_lvt.va:551)
*pvaW*        variable 'UATHIN' declared but not used in RHS, deleted (../../../va/cfet_nmos_lvt.va:552)
*pvaW*        variable 'UATSAT' declared but not used in RHS, deleted (../../../va/cfet_nmos_lvt.va:553)
*pvaW*        variable 'UARTSC' declared but not used in RHS, deleted (../../../va/cfet_nmos_lvt.va:554)
*pvaW*        variable 'UATNI' declared but not used in RHS, deleted (../../../va/cfet_nmos_lvt.va:555)
*pvaW*        variable 'UAIR' declared but not used in RHS, deleted (../../../va/cfet_nmos_lvt.va:556)
*pvaW*        variable 'EUTHIN' declared but not used in RHS, deleted (../../../va/cfet_nmos_lvt.va:557)
*pvaW*        variable 'EU' declared but not used in RHS, deleted (../../../va/cfet_nmos_lvt.va:558)
*pvaW*        variable 'EUPTSC' declared but not used in RHS, deleted (../../../va/cfet_nmos_lvt.va:559)
*pvaW*        variable 'EUTNI' declared but not used in RHS, deleted (../../../va/cfet_nmos_lvt.va:560)
*pvaW*        variable 'EUIR' declared but not used in RHS, deleted (../../../va/cfet_nmos_lvt.va:561)
*pvaW*        variable 'U0ETAWSC' declared but not used in RHS, deleted (../../../va/cfet_nmos_lvt.va:562)
*pvaW*        variable 'EGBULK' declared but not used in RHS, deleted (../../../va/cfet_nmos_lvt.va:563)
*pvaW*        variable 'U0EMSM1' declared but not used in RHS, deleted (../../../va/cfet_nmos_lvt.va:564)
*pvaW*        variable 'U0EMSM2' declared but not used in RHS, deleted (../../../va/cfet_nmos_lvt.va:565)
*pvaW*        variable 'UDTHIN' declared but not used in RHS, deleted (../../../va/cfet_nmos_lvt.va:568)
*pvaW*        variable 'UD' declared but not used in RHS, deleted (../../../va/cfet_nmos_lvt.va:569)
*pvaW*        variable 'UDTSAT' declared but not used in RHS, deleted (../../../va/cfet_nmos_lvt.va:570)
*pvaW*        variable 'UDPTSC' declared but not used in RHS, deleted (../../../va/cfet_nmos_lvt.va:571)
*pvaW*        variable 'PSAT_i' declared but not used in RHS, deleted (../../../va/cfet_nmos_lvt.va:578)
*pvaW*        variable 'PSATCV_i' declared but not used in RHS, deleted (../../../va/cfet_nmos_lvt.va:579)
*pvaW*        variable 'DELTAVSAT_i' declared but not used in RHS, deleted (../../../va/cfet_nmos_lvt.va:580)
*pvaW*        variable 'DELTAVSATCV_i' declared but not used in RHS, deleted (../../../va/cfet_nmos_lvt.va:581)
*pvaW*        variable 'PTWG_a' declared but not used in RHS, deleted (../../../va/cfet_nmos_lvt.va:582)
*pvaW*        variable 'PCLMG' declared but not used in RHS, deleted (../../../va/cfet_nmos_lvt.va:609)
*pvaW*        variable 'PCLM' declared but not used in RHS, deleted (../../../va/cfet_nmos_lvt.va:614)
*pvaW*        variable 'LPCLM' declared but not used in RHS, deleted (../../../va/cfet_nmos_lvt.va:615)
*pvaW*        variable 'NPCLM' declared but not used in RHS, deleted (../../../va/cfet_nmos_lvt.va:616)
*pvaW*        variable 'PPCLM' declared but not used in RHS, deleted (../../../va/cfet_nmos_lvt.va:617)
*pvaW*        variable 'WPCLM' declared but not used in RHS, deleted (../../../va/cfet_nmos_lvt.va:618)
*pvaW*        variable 'P2PCLM' declared but not used in RHS, deleted (../../../va/cfet_nmos_lvt.va:619)
*pvaW*        variable 'PCLMCV_i' declared but not used in RHS, deleted (../../../va/cfet_nmos_lvt.va:621)
*pvaW*        variable 'DVT1' declared but not used in RHS, deleted (../../../va/cfet_nmos_lvt.va:623)
*pvaW*        variable 'LDVT1' declared but not used in RHS, deleted (../../../va/cfet_nmos_lvt.va:624)
*pvaW*        variable 'NDVT1' declared but not used in RHS, deleted (../../../va/cfet_nmos_lvt.va:625)
*pvaW*        variable 'PDVT1' declared but not used in RHS, deleted (../../../va/cfet_nmos_lvt.va:626)
*pvaW*        variable 'WDVT1' declared but not used in RHS, deleted (../../../va/cfet_nmos_lvt.va:627)
*pvaW*        variable 'P2DVT1' declared but not used in RHS, deleted (../../../va/cfet_nmos_lvt.va:628)
*pvaW*        variable 'DVT1SS' declared but not used in RHS, deleted (../../../va/cfet_nmos_lvt.va:630)
*pvaW*        variable 'LDVT1SS' declared but not used in RHS, deleted (../../../va/cfet_nmos_lvt.va:631)
*pvaW*        variable 'NDVT1SS' declared but not used in RHS, deleted (../../../va/cfet_nmos_lvt.va:632)
*pvaW*        variable 'PDVT1SS' declared but not used in RHS, deleted (../../../va/cfet_nmos_lvt.va:633)
*pvaW*        variable 'WDVT1SS' declared but not used in RHS, deleted (../../../va/cfet_nmos_lvt.va:634)
*pvaW*        variable 'P2DVT1SS' declared but not used in RHS, deleted (../../../va/cfet_nmos_lvt.va:635)
*pvaW*        variable 'DSUB' declared but not used in RHS, deleted (../../../va/cfet_nmos_lvt.va:637)
*pvaW*        variable 'LDSUB' declared but not used in RHS, deleted (../../../va/cfet_nmos_lvt.va:638)
*pvaW*        variable 'NDSUB' declared but not used in RHS, deleted (../../../va/cfet_nmos_lvt.va:639)
*pvaW*        variable 'PDSUB' declared but not used in RHS, deleted (../../../va/cfet_nmos_lvt.va:640)
*pvaW*        variable 'WDSUB' declared but not used in RHS, deleted (../../../va/cfet_nmos_lvt.va:641)
*pvaW*        variable 'P2DSUB' declared but not used in RHS, deleted (../../../va/cfet_nmos_lvt.va:642)
*pvaW*        variable 'LPE0' declared but not used in RHS, deleted (../../../va/cfet_nmos_lvt.va:644)
*pvaW*        variable 'LLPE0' declared but not used in RHS, deleted (../../../va/cfet_nmos_lvt.va:645)
*pvaW*        variable 'NLPE0' declared but not used in RHS, deleted (../../../va/cfet_nmos_lvt.va:646)
*pvaW*        variable 'PLPE0' declared but not used in RHS, deleted (../../../va/cfet_nmos_lvt.va:647)
*pvaW*        variable 'WLPE0' declared but not used in RHS, deleted (../../../va/cfet_nmos_lvt.va:648)
*pvaW*        variable 'P2LPE0' declared but not used in RHS, deleted (../../../va/cfet_nmos_lvt.va:649)
*pvaW*        variable 'CDSC' declared but not used in RHS, deleted (../../../va/cfet_nmos_lvt.va:651)
*pvaW*        variable 'LCDSC' declared but not used in RHS, deleted (../../../va/cfet_nmos_lvt.va:652)
*pvaW*        variable 'NCDSC' declared but not used in RHS, deleted (../../../va/cfet_nmos_lvt.va:653)
*pvaW*        variable 'PCDSC' declared but not used in RHS, deleted (../../../va/cfet_nmos_lvt.va:654)
*pvaW*        variable 'WCDSC' declared but not used in RHS, deleted (../../../va/cfet_nmos_lvt.va:655)
*pvaW*        variable 'P2CDSC' declared but not used in RHS, deleted (../../../va/cfet_nmos_lvt.va:656)
*pvaW*        variable 'CDSCD' declared but not used in RHS, deleted (../../../va/cfet_nmos_lvt.va:658)
*pvaW*        variable 'LCDSCD' declared but not used in RHS, deleted (../../../va/cfet_nmos_lvt.va:659)
*pvaW*        variable 'NCDSCD' declared but not used in RHS, deleted (../../../va/cfet_nmos_lvt.va:660)
*pvaW*        variable 'PCDSCD' declared but not used in RHS, deleted (../../../va/cfet_nmos_lvt.va:661)
*pvaW*        variable 'WCDSCD' declared but not used in RHS, deleted (../../../va/cfet_nmos_lvt.va:662)
*pvaW*        variable 'P2CDSCD' declared but not used in RHS, deleted (../../../va/cfet_nmos_lvt.va:663)
*pvaW*        variable 'CIT' declared but not used in RHS, deleted (../../../va/cfet_nmos_lvt.va:665)
*pvaW*        variable 'LCIT' declared but not used in RHS, deleted (../../../va/cfet_nmos_lvt.va:666)
*pvaW*        variable 'NCIT' declared but not used in RHS, deleted (../../../va/cfet_nmos_lvt.va:667)
*pvaW*        variable 'PCIT' declared but not used in RHS, deleted (../../../va/cfet_nmos_lvt.va:668)
*pvaW*        variable 'WCIT' declared but not used in RHS, deleted (../../../va/cfet_nmos_lvt.va:669)
*pvaW*        variable 'P2CIT' declared but not used in RHS, deleted (../../../va/cfet_nmos_lvt.va:670)
*pvaW*        variable 'DVT0' declared but not used in RHS, deleted (../../../va/cfet_nmos_lvt.va:672)
*pvaW*        variable 'LDVT0' declared but not used in RHS, deleted (../../../va/cfet_nmos_lvt.va:673)
*pvaW*        variable 'NDVT0' declared but not used in RHS, deleted (../../../va/cfet_nmos_lvt.va:674)
*pvaW*        variable 'PDVT0' declared but not used in RHS, deleted (../../../va/cfet_nmos_lvt.va:675)
*pvaW*        variable 'WDVT0' declared but not used in RHS, deleted (../../../va/cfet_nmos_lvt.va:676)
*pvaW*        variable 'P2DVT0' declared but not used in RHS, deleted (../../../va/cfet_nmos_lvt.va:677)
*pvaW*        variable 'ETA0' declared but not used in RHS, deleted (../../../va/cfet_nmos_lvt.va:679)
*pvaW*        variable 'LETA0' declared but not used in RHS, deleted (../../../va/cfet_nmos_lvt.va:680)
*pvaW*        variable 'NETA0' declared but not used in RHS, deleted (../../../va/cfet_nmos_lvt.va:681)
*pvaW*        variable 'PETA0' declared but not used in RHS, deleted (../../../va/cfet_nmos_lvt.va:682)
*pvaW*        variable 'WETA0' declared but not used in RHS, deleted (../../../va/cfet_nmos_lvt.va:683)
*pvaW*        variable 'P2ETA0' declared but not used in RHS, deleted (../../../va/cfet_nmos_lvt.va:684)
*pvaW*        variable 'DVTP0' declared but not used in RHS, deleted (../../../va/cfet_nmos_lvt.va:686)
*pvaW*        variable 'LDVTP0' declared but not used in RHS, deleted (../../../va/cfet_nmos_lvt.va:687)
*pvaW*        variable 'NDVTP0' declared but not used in RHS, deleted (../../../va/cfet_nmos_lvt.va:688)
*pvaW*        variable 'PDVTP0' declared but not used in RHS, deleted (../../../va/cfet_nmos_lvt.va:689)
*pvaW*        variable 'WDVTP0' declared but not used in RHS, deleted (../../../va/cfet_nmos_lvt.va:690)
*pvaW*        variable 'P2DVTP0' declared but not used in RHS, deleted (../../../va/cfet_nmos_lvt.va:691)
*pvaW*        variable 'DVTP1' declared but not used in RHS, deleted (../../../va/cfet_nmos_lvt.va:693)
*pvaW*        variable 'LDVTP1' declared but not used in RHS, deleted (../../../va/cfet_nmos_lvt.va:694)
*pvaW*        variable 'NDVTP1' declared but not used in RHS, deleted (../../../va/cfet_nmos_lvt.va:695)
*pvaW*        variable 'PDVTP1' declared but not used in RHS, deleted (../../../va/cfet_nmos_lvt.va:696)
*pvaW*        variable 'WDVTP1' declared but not used in RHS, deleted (../../../va/cfet_nmos_lvt.va:697)
*pvaW*        variable 'P2DVTP1' declared but not used in RHS, deleted (../../../va/cfet_nmos_lvt.va:698)
*pvaW*        variable 'K1RSCE' declared but not used in RHS, deleted (../../../va/cfet_nmos_lvt.va:700)
*pvaW*        variable 'LK1RSCE' declared but not used in RHS, deleted (../../../va/cfet_nmos_lvt.va:701)
*pvaW*        variable 'NK1RSCE' declared but not used in RHS, deleted (../../../va/cfet_nmos_lvt.va:702)
*pvaW*        variable 'PK1RSCE' declared but not used in RHS, deleted (../../../va/cfet_nmos_lvt.va:703)
*pvaW*        variable 'WK1RSCE' declared but not used in RHS, deleted (../../../va/cfet_nmos_lvt.va:704)
*pvaW*        variable 'P2K1RSCE' declared but not used in RHS, deleted (../../../va/cfet_nmos_lvt.va:705)
*pvaW*        variable 'CKAPPAS_i' declared but not used in RHS, deleted (../../../va/cfet_nmos_lvt.va:712)
*pvaW*        variable 'nnquaw3_4_1_cap' declared but not used in RHS, deleted (../../../va/cfet_nmos_lvt.va:905)
*pvaW*        variable 'nnquaw3_4_2_cap' declared but not used in RHS, deleted (../../../va/cfet_nmos_lvt.va:906)
*pvaW*        variable 'nnquaw3_4_3_cap' declared but not used in RHS, deleted (../../../va/cfet_nmos_lvt.va:907)
*pvaW*        variable 'nnquaw3_5_1_cap' declared but not used in RHS, deleted (../../../va/cfet_nmos_lvt.va:908)
*pvaW*        variable 'nnquaw3_5_2_cap' declared but not used in RHS, deleted (../../../va/cfet_nmos_lvt.va:909)
*pvaW*        variable 'nnquaw3_5_3_cap' declared but not used in RHS, deleted (../../../va/cfet_nmos_lvt.va:910)
*pvaW*        variable 'nnquaw3_6_1_cap' declared but not used in RHS, deleted (../../../va/cfet_nmos_lvt.va:911)
*pvaW*        variable 'nnquaw3_6_2_cap' declared but not used in RHS, deleted (../../../va/cfet_nmos_lvt.va:912)
*pvaW*        variable 'nnquaw3_6_3_cap' declared but not used in RHS, deleted (../../../va/cfet_nmos_lvt.va:913)
*pvaW*        variable 'nnquaw3_7_1_cap' declared but not used in RHS, deleted (../../../va/cfet_nmos_lvt.va:914)
*pvaW*        variable 'nnquaw3_7_2_cap' declared but not used in RHS, deleted (../../../va/cfet_nmos_lvt.va:915)
*pvaW*        variable 'nnquaw3_7_3_cap' declared but not used in RHS, deleted (../../../va/cfet_nmos_lvt.va:916)
*pvaW*        variable 'nnquab3_4_cap' declared but not used in RHS, deleted (../../../va/cfet_nmos_lvt.va:932)
*pvaW*        variable 'nnquab3_5_cap' declared but not used in RHS, deleted (../../../va/cfet_nmos_lvt.va:933)
*pvaW*        variable 'nnquab3_6_cap' declared but not used in RHS, deleted (../../../va/cfet_nmos_lvt.va:934)
*pvaW*        variable 'nnquab3_7_cap' declared but not used in RHS, deleted (../../../va/cfet_nmos_lvt.va:935)
*pvaW*        variable 'gidl_output6' initialized but not used in RHS, deleted (../../../va/cfet_nmos_lvt.va:1451)
*pvaW*        variable 'gidl_output7' initialized but not used in RHS, deleted (../../../va/cfet_nmos_lvt.va:1452)
*pvaW*        variable 'cv_output15' initialized but not used in RHS, deleted (../../../va/cfet_nmos_lvt.va:2242)
*pvaW*        variable 'CGG' initialized but not used in RHS, deleted (../../../va/cfet_nmos_lvt.va:2705)
*pvaW*        variable 'CGD' initialized but not used in RHS, deleted (../../../va/cfet_nmos_lvt.va:2706)
*pvaW*        variable 'CGS' initialized but not used in RHS, deleted (../../../va/cfet_nmos_lvt.va:2707)
*pvaW*        variable 'CDG' initialized but not used in RHS, deleted (../../../va/cfet_nmos_lvt.va:2708)
*pvaW*        variable 'CDD' initialized but not used in RHS, deleted (../../../va/cfet_nmos_lvt.va:2709)
*pvaW*        variable 'CDS' initialized but not used in RHS, deleted (../../../va/cfet_nmos_lvt.va:2710)
*pvaW*        variable 'CSG' initialized but not used in RHS, deleted (../../../va/cfet_nmos_lvt.va:2711)
*pvaW*        variable 'CSD' initialized but not used in RHS, deleted (../../../va/cfet_nmos_lvt.va:2712)
*pvaW*        variable 'CSS' initialized but not used in RHS, deleted (../../../va/cfet_nmos_lvt.va:2713)
*pvaW*        variable 'tmp1_pku' initialized but not used in RHS, deleted (../../../va/cfet_nmos_lvt.va:1994)
*pvaW*        variable 'tmp2_pku' initialized but not used in RHS, deleted (../../../va/cfet_nmos_lvt.va:1995)
*pvaW*        variable 'tmp3_pku' initialized but not used in RHS, deleted (../../../va/cfet_nmos_lvt.va:1996)
*pvaW*        variable 'tmp4_pku' initialized but not used in RHS, deleted (../../../va/cfet_nmos_lvt.va:1997)
*pvaW*        variable 'tmp5_pku' initialized but not used in RHS, deleted (../../../va/cfet_nmos_lvt.va:1998)
*pvaW*        variable 'vfbsd1' declared but not used in RHS, deleted (../../../va/cfet_nmos_lvt.va:1199)
*pvaW*        variable 'vgs_a' declared but not used in RHS, deleted (../../../va/cfet_nmos_lvt.va:1199)
*pvaW*        variable 'vgd_a' declared but not used in RHS, deleted (../../../va/cfet_nmos_lvt.va:1199)
*pvaW*        variable 'WeffB' initialized but not used in RHS, deleted (../../../va/cfet_nmos_lvt.va:2317)
*pvaW*        variable 'd1' declared but not used in RHS, deleted (../../../va/cfet_nmos_lvt.va:1203)
*pvaW*        variable 'd2' declared but not used in RHS, deleted (../../../va/cfet_nmos_lvt.va:1203)
*pvaW*        variable 'd3' declared but not used in RHS, deleted (../../../va/cfet_nmos_lvt.va:1203)
*pvaW*        variable 'p1' declared but not used in RHS, deleted (../../../va/cfet_nmos_lvt.va:1203)
*pvaW*        variable 'p2' declared but not used in RHS, deleted (../../../va/cfet_nmos_lvt.va:1203)
*pvaW*        variable 'p3' declared but not used in RHS, deleted (../../../va/cfet_nmos_lvt.va:1203)
*pvaW*        variable 'Tp1' declared but not used in RHS, deleted (../../../va/cfet_nmos_lvt.va:1203)
*pvaW*        variable 'Tp2' declared but not used in RHS, deleted (../../../va/cfet_nmos_lvt.va:1203)
*pvaW*        variable 'Tp3' declared but not used in RHS, deleted (../../../va/cfet_nmos_lvt.va:1203)
*pvaW*        variable 'Wp1' declared but not used in RHS, deleted (../../../va/cfet_nmos_lvt.va:1203)
*pvaW*        variable 'Wp2' declared but not used in RHS, deleted (../../../va/cfet_nmos_lvt.va:1203)
*pvaW*        variable 'Wp3' declared but not used in RHS, deleted (../../../va/cfet_nmos_lvt.va:1203)
*pvaW*        variable 'VnD1' declared but not used in RHS, deleted (../../../va/cfet_nmos_lvt.va:1211)
*pvaW*        variable 'qndnf1' declared but not used in RHS, deleted (../../../va/cfet_nmos_lvt.va:1211)
*pvaW*        variable 'VnD2' declared but not used in RHS, deleted (../../../va/cfet_nmos_lvt.va:1211)
*pvaW*        variable 'qndnf2' declared but not used in RHS, deleted (../../../va/cfet_nmos_lvt.va:1211)
*pvaW*        variable 'VnD3' declared but not used in RHS, deleted (../../../va/cfet_nmos_lvt.va:1211)
*pvaW*        variable 'qndnf3' declared but not used in RHS, deleted (../../../va/cfet_nmos_lvt.va:1211)
*pvaW*        variable 'nc3d0' declared but not used in RHS, deleted (../../../va/cfet_nmos_lvt.va:1211)
*pvaW*        variable 'nc3d' declared but not used in RHS, deleted (../../../va/cfet_nmos_lvt.va:1211)
*pvaW*        variable 'ncq' declared but not used in RHS, deleted (../../../va/cfet_nmos_lvt.va:1211)
*pvaW*        variable 'QT0' declared but not used in RHS, deleted (../../../va/cfet_nmos_lvt.va:1211)
*pvaW*        variable 'QT1' declared but not used in RHS, deleted (../../../va/cfet_nmos_lvt.va:1211)
*pvaW*        variable 'ne2h' declared but not used in RHS, deleted (../../../va/cfet_nmos_lvt.va:1211)
*pvaW*        variable 'pe2h' declared but not used in RHS, deleted (../../../va/cfet_nmos_lvt.va:1211)
*pvaW*        variable 'ne3h' declared but not used in RHS, deleted (../../../va/cfet_nmos_lvt.va:1211)
*pvaW*        variable 'pe3h' declared but not used in RHS, deleted (../../../va/cfet_nmos_lvt.va:1211)
*pvaW*        variable 'nc1l0' declared but not used in RHS, deleted (../../../va/cfet_nmos_lvt.va:1211)
*pvaW*        variable 'pnc1l' declared but not used in RHS, deleted (../../../va/cfet_nmos_lvt.va:1211)
*pvaW*        variable 'nc2l0' declared but not used in RHS, deleted (../../../va/cfet_nmos_lvt.va:1211)
*pvaW*        variable 'pnc2l' declared but not used in RHS, deleted (../../../va/cfet_nmos_lvt.va:1211)
*pvaW*        variable 'nc3l0' declared but not used in RHS, deleted (../../../va/cfet_nmos_lvt.va:1211)
*pvaW*        variable 'pnc3l' declared but not used in RHS, deleted (../../../va/cfet_nmos_lvt.va:1211)
*pvaW*        variable 'qe2n' declared but not used in RHS, deleted (../../../va/cfet_nmos_lvt.va:1211)
*pvaW*        variable 'qe3n' declared but not used in RHS, deleted (../../../va/cfet_nmos_lvt.va:1211)
*pvaW*        variable 'qe2' declared but not used in RHS, deleted (../../../va/cfet_nmos_lvt.va:1211)
*pvaW*        variable 'qe3' declared but not used in RHS, deleted (../../../va/cfet_nmos_lvt.va:1211)
*pvaW*        variable 'nc1l' declared but not used in RHS, deleted (../../../va/cfet_nmos_lvt.va:1211)
*pvaW*        variable 'nc1ln' declared but not used in RHS, deleted (../../../va/cfet_nmos_lvt.va:1211)
*pvaW*        variable 'nc1' declared but not used in RHS, deleted (../../../va/cfet_nmos_lvt.va:1211)
*pvaW*        variable 'nc2l' declared but not used in RHS, deleted (../../../va/cfet_nmos_lvt.va:1211)
*pvaW*        variable 'nc2ln' declared but not used in RHS, deleted (../../../va/cfet_nmos_lvt.va:1211)
*pvaW*        variable 'nc2' declared but not used in RHS, deleted (../../../va/cfet_nmos_lvt.va:1211)
*pvaW*        variable 'nc3l' declared but not used in RHS, deleted (../../../va/cfet_nmos_lvt.va:1211)
*pvaW*        variable 'nc3ln' declared but not used in RHS, deleted (../../../va/cfet_nmos_lvt.va:1211)
*pvaW*        variable 'nc3' declared but not used in RHS, deleted (../../../va/cfet_nmos_lvt.va:1211)
*pvaW*        variable 'qnd10' declared but not used in RHS, deleted (../../../va/cfet_nmos_lvt.va:1211)
*pvaW*        variable 'qnd20' declared but not used in RHS, deleted (../../../va/cfet_nmos_lvt.va:1211)
*pvaW*        variable 'qnd30' declared but not used in RHS, deleted (../../../va/cfet_nmos_lvt.va:1211)
*pvaW*        variable 'GM' initialized but not used in RHS, deleted (../../../va/cfet_nmos_lvt.va:2702)
*pvaW*        variable 'GDS' initialized but not used in RHS, deleted (../../../va/cfet_nmos_lvt.va:2703)
*pvaW*        variable 'qndd1' declared but not used in RHS, deleted (../../../va/cfet_nmos_lvt.va:1215)
*pvaW*        variable 'qndd2' declared but not used in RHS, deleted (../../../va/cfet_nmos_lvt.va:1215)
*pvaW*        variable 'qndd3' declared but not used in RHS, deleted (../../../va/cfet_nmos_lvt.va:1215)
*pvaW*        variable 'QT2' declared but not used in RHS, deleted (../../../va/cfet_nmos_lvt.va:1234)
*pvaW*        variable 'QT3' declared but not used in RHS, deleted (../../../va/cfet_nmos_lvt.va:1234)
*pvaW*        variable 'QT4' declared but not used in RHS, deleted (../../../va/cfet_nmos_lvt.va:1234)
*pvaW*        variable 'qnds1' declared but not used in RHS, deleted (../../../va/cfet_nmos_lvt.va:1234)
*pvaW*        variable 'QT5' declared but not used in RHS, deleted (../../../va/cfet_nmos_lvt.va:1234)
*pvaW*        variable 'QT6' declared but not used in RHS, deleted (../../../va/cfet_nmos_lvt.va:1234)
*pvaW*        variable 'QT7' declared but not used in RHS, deleted (../../../va/cfet_nmos_lvt.va:1234)
*pvaW*        variable 'qnds2' declared but not used in RHS, deleted (../../../va/cfet_nmos_lvt.va:1234)
*pvaW*        variable 'QT8' declared but not used in RHS, deleted (../../../va/cfet_nmos_lvt.va:1234)
*pvaW*        variable 'QT9' declared but not used in RHS, deleted (../../../va/cfet_nmos_lvt.va:1234)
*pvaW*        variable 'QT10' declared but not used in RHS, deleted (../../../va/cfet_nmos_lvt.va:1234)
*pvaW*        variable 'qnds3' declared but not used in RHS, deleted (../../../va/cfet_nmos_lvt.va:1234)
*pvaW*        variable 'TOXG1' declared but not used in RHS, deleted (../../../va/cfet_nmos_lvt.va:1234)
*pvaW*        variable 'igtemp' declared but not used in RHS, deleted (../../../va/cfet_nmos_lvt.va:1234)
*pvaW*        variable 'Tox_ratio' declared but not used in RHS, deleted (../../../va/cfet_nmos_lvt.va:1234)
*pvaW*        variable 'T0_g' declared but not used in RHS, deleted (../../../va/cfet_nmos_lvt.va:1234)
*pvaW*        variable 'igc' declared but not used in RHS, deleted (../../../va/cfet_nmos_lvt.va:1234)
*pvaW*        variable 'igs' declared but not used in RHS, deleted (../../../va/cfet_nmos_lvt.va:1234)
*pvaW*        variable 'igd' declared but not used in RHS, deleted (../../../va/cfet_nmos_lvt.va:1234)
*pvaW*        variable 'ig' declared but not used in RHS, deleted (../../../va/cfet_nmos_lvt.va:1234)
*pvaW*        variable 'vgd' declared but not used in RHS, deleted (../../../va/cfet_nmos_lvt.va:1234)
*pvaW*        variable 'NTOX_i' declared but not used in RHS, deleted (../../../va/cfet_nmos_lvt.va:1240)
*pvaW*        variable 'mut0' declared but not used in RHS, deleted (../../../va/cfet_nmos_lvt.va:1240)
*pvaW*        variable 'mut1' declared but not used in RHS, deleted (../../../va/cfet_nmos_lvt.va:1240)
*pvaW*        variable 'mut2' declared but not used in RHS, deleted (../../../va/cfet_nmos_lvt.va:1240)
*pvaW*        variable 'mut3' declared but not used in RHS, deleted (../../../va/cfet_nmos_lvt.va:1240)
*pvaW*        variable 'mut4' declared but not used in RHS, deleted (../../../va/cfet_nmos_lvt.va:1240)
*pvaW*        variable 'mut5' declared but not used in RHS, deleted (../../../va/cfet_nmos_lvt.va:1240)
*pvaW*        variable 'mut6' declared but not used in RHS, deleted (../../../va/cfet_nmos_lvt.va:1240)
*pvaW*        variable 'ids_tmp' initialized but not used in RHS, deleted (../../../va/cfet_nmos_lvt.va:2652)
*pvaI*        port 'B' at 4 declared, but not used
*pvaI*        generated 0 flow node(s) during compilation.

End of pVA genC on Thu Jul  9 11:00:30 2026	

*pvaI* #### Total 2188 line-size(s), 136/1414 expr(s), 4 contr(s), 0 init(s), 980 behav(s), 4 port(s)

Generating C:\Users\Tengfei\Desktop\Project_DTCO\AutoLDM\Hspice\iv\fit_nmos_idvg_vmax1\results\fit_c054\fit_c054.pvadir\pvaRTL_win64.dll


End of submitting pVA C:\Users\Tengfei\Desktop\Project_DTCO\AutoLDM\Hspice\iv\fit_nmos_idvg_vmax1\results\fit_c054\fit_c054.pvadir\pvaRTL.bat on Thu Jul  9 11:00:31 2026	


End of pVA elaboration on Thu Jul  9 11:00:31 2026	

